<?xml version="1.0" encoding="utf-8"?><testsuites name="pytest tests"><testsuite name="pytest" errors="0" failures="0" skipped="0" tests="7" time="0.854" timestamp="2026-05-25T12:35:18.441302+00:00" hostname="agent-env-cd5e178a-4d2f-4eec-b20b-927d861f6c3b"><testcase classname="backend.tests.test_game_history" name="test_root" time="0.256" /><testcase classname="backend.tests.test_game_history" name="test_save_game_and_persist" time="0.110" /><testcase classname="backend.tests.test_game_history" name="test_save_second_game_for_leaderboard" time="0.117" /><testcase classname="backend.tests.test_game_history" name="test_leaderboard" time="0.055" /><testcase classname="backend.tests.test_game_history" name="test_player_stats" time="0.050" /><testcase classname="backend.tests.test_game_history" name="test_recent_games_sorted_desc" time="0.049" /><testcase classname="backend.tests.test_game_history" name="test_save_game_validation_missing_fields" time="0.051" /></testsuite></testsuites>